TN:
SF:/Users/amitbhandari/Desktop/projects/angular-6/jump-game/src/polyfills.ts
FNF:0
FNH:0
DA:46,1
DA:74,1
LF:2
LH:2
BRF:0
BRH:0
end_of_record
TN:
SF:/Users/amitbhandari/Desktop/projects/angular-6/jump-game/src/test.ts
FNF:0
FNH:0
DA:3,1
DA:4,1
DA:5,1
DA:13,1
DA:18,1
DA:20,1
LF:6
LH:6
BRF:0
BRH:0
end_of_record
TN:
SF:/Users/amitbhandari/Desktop/projects/angular-6/jump-game/src/app/app.component.ts
FN:8,(anonymous_1)
FN:3,AppComponent
FNF:2
FNH:2
FNDA:1,(anonymous_1)
FNDA:3,AppComponent
DA:1,1
DA:8,1
DA:9,3
DA:10,1
LF:4
LH:4
BRF:0
BRH:0
end_of_record
TN:
SF:/Users/amitbhandari/Desktop/projects/angular-6/jump-game/src/app/core-module/header/header.component.ts
FN:9,(anonymous_2)
FN:11,HeaderComponent
FN:13,(anonymous_4)
FN:16,(anonymous_5)
FNF:4
FNH:4
FNDA:1,(anonymous_2)
FNDA:4,HeaderComponent
FNDA:4,(anonymous_4)
FNDA:1,(anonymous_5)
DA:1,1
DA:2,1
DA:9,1
DA:11,4
DA:13,1
DA:16,1
DA:17,1
DA:20,1
LF:8
LH:8
BRF:0
BRH:0
end_of_record
TN:
SF:/Users/amitbhandari/Desktop/projects/angular-6/jump-game/src/app/core-module/pagenotfound/pagenotfound.component.ts
FN:8,(anonymous_2)
FN:10,PagenotfoundComponent
FN:12,(anonymous_4)
FNF:3
FNH:3
FNDA:1,(anonymous_2)
FNDA:1,PagenotfoundComponent
FNDA:1,(anonymous_4)
DA:1,1
DA:8,1
DA:12,1
DA:15,1
LF:4
LH:4
BRF:0
BRH:0
end_of_record
TN:
SF:/Users/amitbhandari/Desktop/projects/angular-6/jump-game/src/app/core-module/welcome/welcome.component.ts
FN:8,(anonymous_2)
FN:10,WelcomeComponent
FN:12,(anonymous_4)
FNF:3
FNH:3
FNDA:1,(anonymous_2)
FNDA:5,WelcomeComponent
FNDA:5,(anonymous_4)
DA:1,1
DA:8,1
DA:12,1
DA:15,1
LF:4
LH:4
BRF:0
BRH:0
end_of_record
TN:
SF:/Users/amitbhandari/Desktop/projects/angular-6/jump-game/src/app/game-module/elements.validator.ts
FN:3,ElementArrayValidator
FNF:1
FNH:1
FNDA:34,ElementArrayValidator
DA:3,1
DA:5,34
DA:6,6
DA:7,6
DA:10,6
DA:11,2
DA:14,4
DA:16,43
DA:17,1
DA:22,31
LF:10
LH:10
BRDA:5,0,0,6
BRDA:5,0,1,28
BRDA:5,1,0,34
BRDA:5,1,1,34
BRDA:10,2,0,2
BRDA:10,2,1,4
BRDA:10,3,0,6
BRDA:10,3,1,5
BRDA:16,4,0,1
BRDA:16,4,1,42
BRDA:16,5,0,43
BRDA:16,5,1,19
BRF:12
BRH:12
end_of_record
TN:
SF:/Users/amitbhandari/Desktop/projects/angular-6/jump-game/src/app/game-module/game.routing.module.ts
FN:14,(anonymous_1)
FNF:1
FNH:1
FNDA:1,(anonymous_1)
DA:1,1
DA:2,1
DA:4,1
DA:6,1
DA:14,1
LF:5
LH:5
BRF:0
BRH:0
end_of_record
TN:
SF:/Users/amitbhandari/Desktop/projects/angular-6/jump-game/src/app/game-module/game.service.ts
FN:1,(anonymous_0)
FN:4,(anonymous_2)
FN:13,(anonymous_3)
FNF:3
FNH:3
FNDA:25,(anonymous_0)
FNDA:3,(anonymous_2)
FNDA:22,(anonymous_3)
DA:1,1
DA:4,1
DA:5,3
DA:7,1
DA:9,2
DA:13,1
DA:16,22
DA:17,4
DA:22,18
DA:26,18
DA:28,2
DA:29,16
DA:31,2
DA:32,14
DA:34,6
DA:40,8
DA:46,1
LF:17
LH:17
BRDA:5,0,0,1
BRDA:5,0,1,2
BRDA:5,1,0,3
BRDA:5,1,1,2
BRDA:16,2,0,4
BRDA:16,2,1,18
BRDA:26,3,0,2
BRDA:26,3,1,16
BRDA:29,4,0,2
BRDA:29,4,1,14
BRDA:32,5,0,6
BRDA:32,5,1,8
BRDA:40,6,0,8
BRDA:40,6,1,5
BRDA:40,6,2,3
BRF:15
BRH:15
end_of_record
TN:
SF:/Users/amitbhandari/Desktop/projects/angular-6/jump-game/src/app/game-module/game/game.component.ts
FN:12,(anonymous_2)
FN:17,GameComponent
FN:19,(anonymous_4)
FN:30,(anonymous_5)
FN:35,(anonymous_6)
FNF:5
FNH:5
FNDA:1,(anonymous_2)
FNDA:15,GameComponent
FNDA:13,(anonymous_4)
FNDA:4,(anonymous_5)
FNDA:1,(anonymous_6)
DA:1,1
DA:2,1
DA:3,1
DA:4,1
DA:12,1
DA:17,15
DA:19,1
DA:20,13
DA:21,13
DA:22,13
DA:30,1
DA:31,4
DA:32,4
DA:35,1
DA:36,1
DA:37,1
DA:38,1
DA:39,1
DA:42,1
LF:19
LH:19
BRF:0
BRH:0
end_of_record
TN:
SF:/Users/amitbhandari/Desktop/projects/angular-6/jump-game/src/app/material-module/material.module.ts
FN:29,(anonymous_1)
FNF:1
FNH:1
FNDA:20,(anonymous_1)
DA:1,1
DA:3,1
DA:14,1
DA:29,1
LF:4
LH:4
BRF:0
BRH:0
end_of_record
TN:
SF:/Users/amitbhandari/Desktop/projects/angular-6/jump-game/src/app/shared-module/boolean.directive.ts
FN:10,(anonymous_2)
FN:16,BoolOnlyDirective
FN:20,(anonymous_4)
FNF:3
FNH:3
FNDA:1,(anonymous_2)
FNDA:11,BoolOnlyDirective
FNDA:4,(anonymous_4)
DA:1,1
DA:10,1
DA:11,11
DA:14,11
DA:16,11
DA:20,2
DA:22,4
DA:23,1
DA:26,3
DA:27,3
DA:30,3
DA:31,1
DA:34,1
LF:13
LH:13
BRDA:22,0,0,1
BRDA:22,0,1,3
BRDA:30,1,0,1
BRDA:30,1,1,2
BRDA:30,2,0,3
BRDA:30,2,1,3
BRF:6
BRH:6
end_of_record
TN:
SF:/Users/amitbhandari/Desktop/projects/angular-6/jump-game/src/app/shared-module/number.directive.ts
FN:10,(anonymous_2)
FN:16,NumbersOnlyDirective
FN:20,(anonymous_4)
FNF:3
FNH:3
FNDA:1,(anonymous_2)
FNDA:10,NumbersOnlyDirective
FNDA:3,(anonymous_4)
DA:1,1
DA:10,1
DA:11,10
DA:14,10
DA:16,10
DA:20,2
DA:22,3
DA:23,1
DA:26,2
DA:27,2
DA:30,2
DA:31,1
DA:34,1
LF:13
LH:13
BRDA:22,0,0,1
BRDA:22,0,1,2
BRDA:30,1,0,1
BRDA:30,1,1,1
BRDA:30,2,0,2
BRDA:30,2,1,2
BRF:6
BRH:6
end_of_record
TN:
SF:/Users/amitbhandari/Desktop/projects/angular-6/jump-game/src/app/shared-module/shared.module.ts
FN:15,(anonymous_1)
FNF:1
FNH:1
FNDA:8,(anonymous_1)
DA:1,1
DA:2,1
DA:3,1
DA:15,1
LF:4
LH:4
BRF:0
BRH:0
end_of_record
